<?xml version="1.0" encoding="UTF-8"?>
<testsuite name="com.bridgelabz.userregistration.UserRegistrationTest" tests="4" skipped="0" failures="0" errors="0" timestamp="2020-04-01T21:08:31" hostname="sujits-MacBook-Air.local" time="0.005">
  <properties/>
  <testcase name="givenValidLastName_shouldReturnTrue" classname="com.bridgelabz.userregistration.UserRegistrationTest" time="0.003"/>
  <testcase name="givenInvalidFirstName_shouldReturnFalse" classname="com.bridgelabz.userregistration.UserRegistrationTest" time="0.001"/>
  <testcase name="givenValidFirstName_shouldReturnTrue" classname="com.bridgelabz.userregistration.UserRegistrationTest" time="0.0"/>
  <testcase name="givenInvalidLastName_shouldReturnFalse" classname="com.bridgelabz.userregistration.UserRegistrationTest" time="0.0"/>
  <system-out><![CDATA[]]></system-out>
  <system-err><![CDATA[]]></system-err>
</testsuite>
