<?xml version="1.0" encoding="UTF-8"?>
<testsuite name="com.bridgelabz.userregistration.UserRegistrationTest" tests="1" skipped="0" failures="0" errors="0" timestamp="2020-04-01T22:03:10" hostname="sujits-MacBook-Air.local" time="0.002">
  <properties/>
  <testcase name="givenInvalidPassword_shouldReturnFalse" classname="com.bridgelabz.userregistration.UserRegistrationTest" time="0.002"/>
  <system-out><![CDATA[]]></system-out>
  <system-err><![CDATA[]]></system-err>
</testsuite>
